<?xml version="1.0" encoding="UTF-8"?>
<!-- Generated by org.testng.reporters.JUnitReportReporter -->
<testsuite skipped="0" hostname="ClearStack-Mac.local" name="com.actitime.testscript.CreateCustomer" tests="2" failures="0" timestamp="2023-01-19T15:52:50 IST" time="30.387" errors="0">
  <testcase name="testCreateCustomer" time="17.825" classname="com.actitime.testscript.CreateCustomer"/>
  <system-out>
    <![CDATA[CreateCustomer]]>
  </system-out>
  <testcase name="testDeleteCustomer" time="12.562" classname="com.actitime.testscript.CreateCustomer"/>
  <system-out/>
</testsuite> <!-- com.actitime.testscript.CreateCustomer -->
